[12:28:28] [Client thread/INFO]: Setting user: Player846
[12:28:41] [Client thread/WARN]: Skipping bad option: lastServer:
[12:28:41] [Client thread/INFO]: LWJGL Version: 2.9.4
[12:28:52] [Client thread/INFO]: Reloading ResourceManager: Default, FMLFileResourcePack:Forge Mod Loader, FMLFileResourcePack:Minecraft Forge, FMLFileResourcePack:Project Kreuthil
[12:29:02] [Sound Library Loader/INFO]: Starting up SoundSystem...
[12:29:02] [Thread-8/INFO]: Initializing LWJGL OpenAL
[12:29:02] [Thread-8/INFO]: (The LWJGL binding of OpenAL.  For more information, see http://www.lwjgl.org)
[12:29:03] [Thread-8/INFO]: OpenAL initialized.
[12:29:03] [Sound Library Loader/INFO]: Sound engine started
[12:29:16] [Client thread/INFO]: Created: 16x16 textures-atlas
[12:29:17] [Client thread/INFO]: Reloading ResourceManager: Default, FMLFileResourcePack:Forge Mod Loader, FMLFileResourcePack:Minecraft Forge, FMLFileResourcePack:Project Kreuthil
[12:29:25] [Client thread/INFO]: SoundSystem shutting down...
[12:29:25] [Client thread/WARN]: Author: Paul Lamb, www.paulscode.com
[12:29:25] [Sound Library Loader/INFO]: Starting up SoundSystem...
[12:29:25] [Thread-10/INFO]: Initializing LWJGL OpenAL
[12:29:25] [Thread-10/INFO]: (The LWJGL binding of OpenAL.  For more information, see http://www.lwjgl.org)
[12:29:25] [Thread-10/INFO]: OpenAL initialized.
[12:29:26] [Sound Library Loader/INFO]: Sound engine started
[12:29:34] [Client thread/WARN]: Texture mfm:textures/items/obsidianingot.png with size 175x175 will have visual artifacts at mip level 4, it can only support level 0. Please report to the mod author that the texture should be some multiple of 16x16.
[12:29:35] [Client thread/INFO]: Created: 512x512 textures-atlas
[12:29:38] [Client thread/WARN]: Skipping bad option: lastServer:
[12:29:41] [Realms Notification Availability checker #1/INFO]: Could not authorize you against Realms server: Invalid session id
[12:30:04] [Server thread/INFO]: Starting integrated minecraft server version 1.11.2
[12:30:04] [Server thread/INFO]: Generating keypair
[12:30:06] [Server thread/INFO]: Preparing start region for level 0
[12:30:07] [Server thread/INFO]: Preparing spawn area: 0%
[12:30:08] [Server thread/INFO]: Preparing spawn area: 28%
[12:30:09] [Server thread/INFO]: Preparing spawn area: 93%
[12:30:10] [Server thread/INFO]: Changing view distance to 12, from 10
[12:30:12] [Server thread/INFO]: Player846[local:E:72d5ad46] logged in with entity id 191 at (95.69441128791743, 96.0, 239.31213090443728)
[12:30:12] [Server thread/INFO]: Player846 joined the game
[12:30:20] [Server thread/INFO]: Saving and pausing game...
[12:30:20] [Server thread/INFO]: Saving chunks for level 'New World'/Overworld
[12:30:21] [Server thread/INFO]: Saving chunks for level 'New World'/Nether
[12:30:21] [Server thread/INFO]: Saving chunks for level 'New World'/The End
[12:30:21] [pool-2-thread-1/WARN]: Couldn't look up profile properties for com.mojang.authlib.GameProfile@666aeea6[id=8a5928f7-beb7-37f5-80fc-dd4e68365b90,name=Player846,properties={},legacy=false]
com.mojang.authlib.exceptions.AuthenticationException: The client has sent too many requests within a certain amount of time
	at com.mojang.authlib.yggdrasil.YggdrasilAuthenticationService.makeRequest(YggdrasilAuthenticationService.java:79) ~[YggdrasilAuthenticationService.class:?]
	at com.mojang.authlib.yggdrasil.YggdrasilMinecraftSessionService.fillGameProfile(YggdrasilMinecraftSessionService.java:180) [YggdrasilMinecraftSessionService.class:?]
	at com.mojang.authlib.yggdrasil.YggdrasilMinecraftSessionService$1.load(YggdrasilMinecraftSessionService.java:60) [YggdrasilMinecraftSessionService$1.class:?]
	at com.mojang.authlib.yggdrasil.YggdrasilMinecraftSessionService$1.load(YggdrasilMinecraftSessionService.java:57) [YggdrasilMinecraftSessionService$1.class:?]
	at com.google.common.cache.LocalCache$LoadingValueReference.loadFuture(LocalCache.java:3524) [guava-17.0.jar:?]
	at com.google.common.cache.LocalCache$Segment.loadSync(LocalCache.java:2317) [guava-17.0.jar:?]
	at com.google.common.cache.LocalCache$Segment.lockedGetOrLoad(LocalCache.java:2280) [guava-17.0.jar:?]
	at com.google.common.cache.LocalCache$Segment.get(LocalCache.java:2195) [guava-17.0.jar:?]
	at com.google.common.cache.LocalCache.get(LocalCache.java:3934) [guava-17.0.jar:?]
	at com.google.common.cache.LocalCache.getOrLoad(LocalCache.java:3938) [guava-17.0.jar:?]
	at com.google.common.cache.LocalCache$LocalLoadingCache.get(LocalCache.java:4821) [guava-17.0.jar:?]
	at com.google.common.cache.LocalCache$LocalLoadingCache.getUnchecked(LocalCache.java:4827) [guava-17.0.jar:?]
	at com.mojang.authlib.yggdrasil.YggdrasilMinecraftSessionService.fillProfileProperties(YggdrasilMinecraftSessionService.java:170) [YggdrasilMinecraftSessionService.class:?]
	at net.minecraft.client.Minecraft.getProfileProperties(Minecraft.java:3056) [Minecraft.class:?]
	at net.minecraft.client.resources.SkinManager$3.run(SkinManager.java:138) [SkinManager$3.class:?]
	at java.util.concurrent.Executors$RunnableAdapter.call(Unknown Source) [?:1.8.0_131]
	at java.util.concurrent.FutureTask.run(Unknown Source) [?:1.8.0_131]
	at java.util.concurrent.ThreadPoolExecutor.runWorker(Unknown Source) [?:1.8.0_131]
	at java.util.concurrent.ThreadPoolExecutor$Worker.run(Unknown Source) [?:1.8.0_131]
	at java.lang.Thread.run(Unknown Source) [?:1.8.0_131]
[12:30:23] [Server thread/INFO]: Saving and pausing game...
[12:30:23] [Server thread/INFO]: Saving chunks for level 'New World'/Overworld
[12:30:23] [Server thread/INFO]: Saving chunks for level 'New World'/Nether
[12:30:23] [Server thread/INFO]: Saving chunks for level 'New World'/The End
[12:31:05] [Server thread/INFO]: Player846 has just earned the achievement [Taking Inventory]
[12:31:05] [Client thread/INFO]: [CHAT] Player846 has just earned the achievement [Taking Inventory]
[12:31:28] [Server thread/INFO]: Saving and pausing game...
[12:31:28] [Server thread/INFO]: Saving chunks for level 'New World'/Overworld
[12:31:29] [Server thread/INFO]: Saving chunks for level 'New World'/Nether
[12:31:29] [Server thread/INFO]: Saving chunks for level 'New World'/The End
[12:31:29] [Client thread/INFO]: Stopping!
[12:31:29] [Server thread/INFO]: Stopping server
[12:31:29] [Server thread/INFO]: Saving players
[12:31:29] [Server thread/INFO]: Saving worlds
[12:31:29] [Server thread/INFO]: Saving chunks for level 'New World'/Overworld
[12:31:29] [Server thread/INFO]: Saving chunks for level 'New World'/Nether
[12:31:29] [Server thread/INFO]: Saving chunks for level 'New World'/The End
[12:31:29] [Client thread/INFO]: SoundSystem shutting down...
[12:31:30] [Client thread/WARN]: Author: Paul Lamb, www.paulscode.com
